Info:(main.cpp:211) VNote started "2.9" "周四 4月 2 23:03:47 2020"
Warning:(vutils.cpp:1258) fail to delete file "C:/Users/zyx/AppData/Roaming/vnote/resources/common.css"
Info:(main.cpp:211) VNote started "2.9" "周四 4月 2 23:59:27 2020"
Warning:(vmainwindow.cpp:2687) file "F:/我的坚果云/VNote/default/new_folder/new_note.md" does not exist
Warning:(vmainwindow.cpp:2687) file "F:/我的坚果云/VNote/default/new_folder/new_note.md" does not exist
Warning:(:0) QTextCursor::setPosition: Position '12' out of range
Warning:(:0) QTextCursor::setPosition: Position '12' out of range
Warning:(:0) QWindowsWindow::setGeometry: Unable to set geometry 1366x740+0+23 on QWidgetWindow/'VMainWindowClassWindow'. Resulting geometry:  1366x705+0+23 (frame: 8, 31, 8, 8, custom margin: 0, 0, 0, 0, minimum size: 551x740, maximum size: 16777215x16777215).
Warning:(:0) QWindowsWindow::setGeometry: Unable to set geometry 1366x740+0+23 on QWidgetWindow/'VMainWindowClassWindow'. Resulting geometry:  1366x705+0+23 (frame: 8, 31, 8, 8, custom margin: 0, 0, 0, 0, minimum size: 551x740, maximum size: 16777215x16777215).
Warning:(:0) QWindowsWindow::setGeometry: Unable to set geometry 1366x740+0+23 on QWidgetWindow/'VMainWindowClassWindow'. Resulting geometry:  1366x705+0+23 (frame: 8, 31, 8, 8, custom margin: 0, 0, 0, 0, minimum size: 584x740, maximum size: 16777215x16777215).
Info:(main.cpp:211) VNote started "2.9" "周五 4月 3 19:58:28 2020"
Warning:(:0) ShellExecute 'file:///F:/我的坚果云/考研/研究生考试笔记/TODO' failed (error 2).
Warning:(:0) ShellExecute 'file:///F:/我的坚果云/考研/研究生考试笔记/高数二' failed (error 2).
Warning:(:0) ShellExecute 'file:///F:/我的坚果云/考研/研究生考试笔记/英语二' failed (error 2).
Warning:(:0) ShellExecute 'file:///F:/我的坚果云/考研/研究生考试笔记/TODO' failed (error 2).
Warning:(:0) ShellExecute 'file:///F:/我的坚果云/考研/研究生考试笔记/英语二' failed (error 2).
Info:(main.cpp:211) VNote started "2.9" "周五 4月 3 20:03:10 2020"
Warning:(vmdeditor.cpp:609) header accross multiple blocks, starting from block 0 "高数二基础阶段知识点大纲"
Warning:(vmdeditor.cpp:609) header accross multiple blocks, starting from block 0 "高数二基础阶段知识点大纲"
Warning:(vmdeditor.cpp:609) header accross multiple blocks, starting from block 0 "高数二基础阶段知识点大纲"
Warning:(vmdeditor.cpp:609) header accross multiple blocks, starting from block 0 "高数二基础阶段知识点大纲"
Warning:(vmdeditor.cpp:609) header accross multiple blocks, starting from block 0 "高数二基础阶段知识点大纲"
Warning:(vmdeditor.cpp:609) header accross multiple blocks, starting from block 0 "高数二基础阶段知识点大纲"
Warning:(vmdeditor.cpp:609) header accross multiple blocks, starting from block 0 "高数二基础阶段知识点大纲"
Warning:(vmdeditor.cpp:609) header accross multiple blocks, starting from block 0 "高数二基础阶段知识点大纲"
Warning:(vmdeditor.cpp:609) header accross multiple blocks, starting from block 0 "高数二基础阶段知识点大纲"
Warning:(vmdeditor.cpp:609) header accross multiple blocks, starting from block 0 "高数二基础阶段知识点大纲"
Warning:(vmdeditor.cpp:609) header accross multiple blocks, starting from block 0 "高数二基础阶段知识点大纲"
Warning:(vmdeditor.cpp:609) header accross multiple blocks, starting from block 3 "## 极限"
Warning:(vmdeditor.cpp:609) header accross multiple blocks, starting from block 0 "高数二基础阶段知识点大纲"
Warning:(vmdeditor.cpp:609) header accross multiple blocks, starting from block 3 "## 极限"
Warning:(vmdeditor.cpp:609) header accross multiple blocks, starting from block 0 "高数二基础阶段知识点大纲"
Warning:(vmdeditor.cpp:609) header accross multiple blocks, starting from block 0 "高数二基础阶段知识点大纲"
Warning:(vmdeditor.cpp:609) header accross multiple blocks, starting from block 0 "高数二基础阶段知识点大纲"
Warning:(vmdeditor.cpp:609) header accross multiple blocks, starting from block 0 "高数二基础阶段知识点大纲"
Info:(main.cpp:211) VNote started "2.9" "周六 4月 4 21:25:47 2020"
Warning:(vmdeditor.cpp:609) header accross multiple blocks, starting from block 0 "高数二基础阶段知识点大纲"
Info:(main.cpp:211) VNote started "2.9" "周六 4月 4 23:46:58 2020"
Warning:(:0) QWindowsWindow::setGeometry: Unable to set geometry 1024x740+1366+23 on QWidgetWindow/'VMainWindowClassWindow'. Resulting geometry:  1024x705+1366+23 (frame: 8, 31, 8, 8, custom margin: 0, 0, 0, 0, minimum size: 545x740, maximum size: 16777215x16777215).
Info:(main.cpp:211) VNote started "2.9" "周六 4月 4 23:56:53 2020"
Warning:(vmdeditor.cpp:609) header accross multiple blocks, starting from block 0 "index"
Warning:(vmdeditor.cpp:609) header accross multiple blocks, starting from block 0 "index"
Warning:(vmdeditor.cpp:609) header accross multiple blocks, starting from block 0 "index"
Warning:(vmdeditor.cpp:609) header accross multiple blocks, starting from block 0 "index"
Warning:(vmdeditor.cpp:609) header accross multiple blocks, starting from block 0 "index"
Warning:(vmdeditor.cpp:609) header accross multiple blocks, starting from block 0 "index"
Warning:(vmdeditor.cpp:609) header accross multiple blocks, starting from block 0 "index"
Warning:(vmdeditor.cpp:609) header accross multiple blocks, starting from block 0 "index"
Warning:(vmdeditor.cpp:609) header accross multiple blocks, starting from block 0 "index"
Warning:(vmdeditor.cpp:609) header accross multiple blocks, starting from block 0 "index"
Warning:(vmdeditor.cpp:609) header accross multiple blocks, starting from block 0 "index"
Warning:(vmdeditor.cpp:609) header accross multiple blocks, starting from block 0 "index"
Warning:(vmdeditor.cpp:609) header accross multiple blocks, starting from block 0 "index"
Warning:(vmdeditor.cpp:609) header accross multiple blocks, starting from block 0 "index"
Warning:(vmdeditor.cpp:609) header accross multiple blocks, starting from block 0 "index"
Warning:(vmdeditor.cpp:609) header accross multiple blocks, starting from block 0 "index"
Warning:(vmdeditor.cpp:609) header accross multiple blocks, starting from block 0 "index"
Warning:(vmdeditor.cpp:609) header accross multiple blocks, starting from block 0 "index"
Warning:(vmdeditor.cpp:609) header accross multiple blocks, starting from block 0 "index"
Warning:(vmdeditor.cpp:609) header accross multiple blocks, starting from block 0 "index"
Warning:(vmdeditor.cpp:609) header accross multiple blocks, starting from block 0 "index"
Warning:(vmdeditor.cpp:609) header accross multiple blocks, starting from block 0 "index"
Warning:(vmdeditor.cpp:609) header accross multiple blocks, starting from block 0 "index"
Warning:(vmdeditor.cpp:609) header accross multiple blocks, starting from block 0 "index"
Warning:(vmdeditor.cpp:609) header accross multiple blocks, starting from block 0 "index"
Warning:(vmdeditor.cpp:609) header accross multiple blocks, starting from block 0 "index"
Warning:(vmdeditor.cpp:609) header accross multiple blocks, starting from block 0 "index"
Warning:(vmdeditor.cpp:609) header accross multiple blocks, starting from block 0 "index"
Warning:(vmdeditor.cpp:609) header accross multiple blocks, starting from block 0 "index"
Warning:(vmdeditor.cpp:609) header accross multiple blocks, starting from block 0 "index"
Warning:(vmdeditor.cpp:609) header accross multiple blocks, starting from block 0 "index"
Warning:(vmdeditor.cpp:609) header accross multiple blocks, starting from block 0 "index"
Warning:(vmdeditor.cpp:609) header accross multiple blocks, starting from block 0 "index"
Warning:(vmdeditor.cpp:609) header accross multiple blocks, starting from block 0 "index"
Warning:(vmdeditor.cpp:609) header accross multiple blocks, starting from block 0 "index"
Warning:(vmdeditor.cpp:609) header accross multiple blocks, starting from block 0 "index"
Warning:(vmdeditor.cpp:609) header accross multiple blocks, starting from block 0 "index"
Warning:(vmdeditor.cpp:609) header accross multiple blocks, starting from block 0 "index"
Warning:(vmdeditor.cpp:609) header accross multiple blocks, starting from block 0 "index"
Warning:(vmdeditor.cpp:609) header accross multiple blocks, starting from block 0 "index"
Warning:(vmdeditor.cpp:609) header accross multiple blocks, starting from block 0 "index"
Warning:(vmdeditor.cpp:609) header accross multiple blocks, starting from block 0 "index"
Warning:(vmdeditor.cpp:609) header accross multiple blocks, starting from block 0 "index"
Warning:(vmdeditor.cpp:609) header accross multiple blocks, starting from block 0 "index"
Warning:(vmdeditor.cpp:609) header accross multiple blocks, starting from block 0 "index"
Warning:(vmdeditor.cpp:609) header accross multiple blocks, starting from block 0 "index"
Warning:(vmdeditor.cpp:609) header accross multiple blocks, starting from block 0 "index"
Warning:(vmdeditor.cpp:609) header accross multiple blocks, starting from block 0 "index"
